<?xml version="1.0" encoding="UTF-8"?>
<!-- Generated by org.testng.reporters.JUnitReportReporter -->
<testsuite hostname="Rajan-PC" name="com.abcassignment.pom.testcases.JustInPageTest" tests="1" failures="0" timestamp="20 Feb 2017 05:31:56 GMT" time="9.859" errors="0">
  <testcase name="testJustInPage" time="9.859" classname="com.abcassignment.pom.testcases.JustInPageTest"/>
</testsuite> <!-- com.abcassignment.pom.testcases.JustInPageTest -->
