<?xml version="1.0" encoding="UTF-8"?>
<!-- Generated by org.testng.reporters.JUnitReportReporter -->
<testsuite hostname="Rajan-PC" name="com.abcassignment.pom.testcases.DownloadAudioTest" tests="1" failures="0" timestamp="20 Feb 2017 05:31:56 GMT" time="25.608" errors="0">
  <testcase name="testDownloadAudioRadio" time="25.608" classname="com.abcassignment.pom.testcases.DownloadAudioTest"/>
</testsuite> <!-- com.abcassignment.pom.testcases.DownloadAudioTest -->
