<?xml version="1.0" encoding="UTF-8"?>
<!-- Generated by org.testng.reporters.JUnitReportReporter -->
<testsuite hostname="Rajan-PC" name="com.abcassignment.pom.testcases.VideoPageTest" tests="1" failures="0" timestamp="20 Feb 2017 05:31:56 GMT" time="14.389" errors="0">
  <testcase name="testVideoPage" time="14.389" classname="com.abcassignment.pom.testcases.VideoPageTest"/>
</testsuite> <!-- com.abcassignment.pom.testcases.VideoPageTest -->
