<?xml version="1.0" encoding="UTF-8"?>
<!-- Generated by org.testng.reporters.JUnitReportReporter -->
<testsuite hostname="Rajan-PC" name="com.abcassignment.pom.testcases.HomePageTest" tests="1" failures="0" timestamp="16 Feb 2017 11:46:35 GMT" time="11.491" errors="0">
  <testcase name="testHomePage" time="11.491" classname="com.abcassignment.pom.testcases.HomePageTest"/>
</testsuite> <!-- com.abcassignment.pom.testcases.HomePageTest -->
